<?xml version="1.0" encoding="UTF-8"?>
<testng-results skipped="0" failed="0" ignored="0" total="1" passed="1">
  <reporter-output>
  </reporter-output>
  <suite name="com.testngplusmaven.mavenproject2018.NavigationTest" duration-ms="13598" started-at="2021-08-22T19:49:02 IST" finished-at="2021-08-22T19:49:16 IST">
    <groups>
    </groups>
    <test name="Command line test" duration-ms="13598" started-at="2021-08-22T19:49:02 IST" finished-at="2021-08-22T19:49:16 IST">
      <class name="com.testngplusmaven.mavenproject2018.NavigationTest">
        <test-method status="PASS" signature="beforeMethod()[pri:0, instance:com.testngplusmaven.mavenproject2018.NavigationTest@27c20538]" name="beforeMethod" is-config="true" duration-ms="6244" started-at="2021-08-22T19:49:02 IST" finished-at="2021-08-22T19:49:08 IST">
          <reporter-output>
          </reporter-output>
        </test-method> <!-- beforeMethod -->
        <test-method status="PASS" signature="f()[pri:0, instance:com.testngplusmaven.mavenproject2018.NavigationTest@27c20538]" name="f" duration-ms="7225" started-at="2021-08-22T19:49:08 IST" finished-at="2021-08-22T19:49:16 IST">
          <reporter-output>
          </reporter-output>
        </test-method> <!-- f -->
        <test-method status="PASS" signature="afterMethod()[pri:0, instance:com.testngplusmaven.mavenproject2018.NavigationTest@27c20538]" name="afterMethod" is-config="true" duration-ms="100" started-at="2021-08-22T19:49:16 IST" finished-at="2021-08-22T19:49:16 IST">
          <reporter-output>
          </reporter-output>
        </test-method> <!-- afterMethod -->
      </class> <!-- com.testngplusmaven.mavenproject2018.NavigationTest -->
    </test> <!-- Command line test -->
  </suite> <!-- com.testngplusmaven.mavenproject2018.NavigationTest -->
</testng-results>
